<?xml version="1.0" encoding="UTF-8"?>
<!-- Generated by org.testng.reporters.JUnitXMLReporter -->
<testsuite ignored="0" hostname="ATMECSINDT-088" failures="2" tests="2" name="Test1" time="29.587" errors="0" timestamp="05 Sep 2019 15:24:11 GMT">
  <testcase classname="com.atmecs.bookotrip.testscript.RoundTripTicketBooking" name="searchingFlightAvailabilityRoundTrip" time="9.369">
    <failure type="org.openqa.selenium.ElementNotInteractableException" message="element not interactable
  (Session info: chrome=76.0.3809.132)
Build info: version: &amp;apos;4.0.0-alpha-1&amp;apos;, revision: &amp;apos;d1d3728cae&amp;apos;, time: &amp;apos;2019-04-24T13:42:21&amp;apos;
System info: host: &amp;apos;ATMECSINDT-088&amp;apos;, ip: &amp;apos;30.30.30.84&amp;apos;, os.name: &amp;apos;Windows 10&amp;apos;, os.arch: &amp;apos;amd64&amp;apos;, os.version: &amp;apos;10.0&amp;apos;, java.version: &amp;apos;12.0.2&amp;apos;
Driver info: org.openqa.selenium.chrome.ChromeDriver
Capabilities {acceptInsecureCerts: false, browserName: chrome, browserVersion: 76.0.3809.132, chrome: {chromedriverVersion: 76.0.3809.126 (d80a294506b4..., userDataDir: C:\Users\RANJIT~1.SEL\AppDa...}, goog:chromeOptions: {debuggerAddress: localhost:61859}, javascriptEnabled: true, networkConnectionEnabled: false, pageLoadStrategy: normal, platform: XP, platformName: XP, proxy: Proxy(), setWindowRect: true, strictFileInteractability: false, timeouts: {implicit: 0, pageLoad: 300000, script: 30000}, unhandledPromptBehavior: dismiss and notify}
Session ID: be8f94a4132e93893b38a1f32513a5b0">
      <![CDATA[org.openqa.selenium.ElementNotInteractableException: element not interactable
  (Session info: chrome=76.0.3809.132)
Build info: version: '4.0.0-alpha-1', revision: 'd1d3728cae', time: '2019-04-24T13:42:21'
System info: host: 'ATMECSINDT-088', ip: '30.30.30.84', os.name: 'Windows 10', os.arch: 'amd64', os.version: '10.0', java.version: '12.0.2'
Driver info: org.openqa.selenium.chrome.ChromeDriver
Capabilities {acceptInsecureCerts: false, browserName: chrome, browserVersion: 76.0.3809.132, chrome: {chromedriverVersion: 76.0.3809.126 (d80a294506b4..., userDataDir: C:\Users\RANJIT~1.SEL\AppDa...}, goog:chromeOptions: {debuggerAddress: localhost:61859}, javascriptEnabled: true, networkConnectionEnabled: false, pageLoadStrategy: normal, platform: XP, platformName: XP, proxy: Proxy(), setWindowRect: true, strictFileInteractability: false, timeouts: {implicit: 0, pageLoad: 300000, script: 30000}, unhandledPromptBehavior: dismiss and notify}
Session ID: be8f94a4132e93893b38a1f32513a5b0
at org.openqa.selenium.remote.codec.w3c.W3CHttpResponseCodec.createException(W3CHttpResponseCodec.java:190)
at org.openqa.selenium.remote.codec.w3c.W3CHttpResponseCodec.decode(W3CHttpResponseCodec.java:124)
at org.openqa.selenium.remote.codec.w3c.W3CHttpResponseCodec.decode(W3CHttpResponseCodec.java:51)
at org.openqa.selenium.remote.HttpCommandExecutor.execute(HttpCommandExecutor.java:161)
at org.openqa.selenium.remote.service.DriverCommandExecutor.execute(DriverCommandExecutor.java:83)
at org.openqa.selenium.remote.RemoteWebDriver.execute(RemoteWebDriver.java:577)
at org.openqa.selenium.remote.RemoteWebElement.execute(RemoteWebElement.java:308)
at org.openqa.selenium.remote.RemoteWebElement.click(RemoteWebElement.java:83)
at com.atmecs.bookotrip.testscript.RoundTripTicketBooking.searchingFlightAvailabilityRoundTrip(RoundTripTicketBooking.java:45)
... Removed 30 stack frames]]>
    </failure>
  </testcase> <!-- searchingFlightAvailabilityRoundTrip -->
  <testcase classname="com.atmecs.bookotrip.testscript.RoundTripTicketBooking" name="searchingFlightAvailabilityRoundTrip" time="3.265">
    <failure type="org.openqa.selenium.ElementNotInteractableException" message="element not interactable
  (Session info: chrome=76.0.3809.132)
Build info: version: &amp;apos;4.0.0-alpha-1&amp;apos;, revision: &amp;apos;d1d3728cae&amp;apos;, time: &amp;apos;2019-04-24T13:42:21&amp;apos;
System info: host: &amp;apos;ATMECSINDT-088&amp;apos;, ip: &amp;apos;30.30.30.84&amp;apos;, os.name: &amp;apos;Windows 10&amp;apos;, os.arch: &amp;apos;amd64&amp;apos;, os.version: &amp;apos;10.0&amp;apos;, java.version: &amp;apos;12.0.2&amp;apos;
Driver info: org.openqa.selenium.chrome.ChromeDriver
Capabilities {acceptInsecureCerts: false, browserName: chrome, browserVersion: 76.0.3809.132, chrome: {chromedriverVersion: 76.0.3809.126 (d80a294506b4..., userDataDir: C:\Users\RANJIT~1.SEL\AppDa...}, goog:chromeOptions: {debuggerAddress: localhost:61859}, javascriptEnabled: true, networkConnectionEnabled: false, pageLoadStrategy: normal, platform: XP, platformName: XP, proxy: Proxy(), setWindowRect: true, strictFileInteractability: false, timeouts: {implicit: 0, pageLoad: 300000, script: 30000}, unhandledPromptBehavior: dismiss and notify}
Session ID: be8f94a4132e93893b38a1f32513a5b0">
      <![CDATA[org.openqa.selenium.ElementNotInteractableException: element not interactable
  (Session info: chrome=76.0.3809.132)
Build info: version: '4.0.0-alpha-1', revision: 'd1d3728cae', time: '2019-04-24T13:42:21'
System info: host: 'ATMECSINDT-088', ip: '30.30.30.84', os.name: 'Windows 10', os.arch: 'amd64', os.version: '10.0', java.version: '12.0.2'
Driver info: org.openqa.selenium.chrome.ChromeDriver
Capabilities {acceptInsecureCerts: false, browserName: chrome, browserVersion: 76.0.3809.132, chrome: {chromedriverVersion: 76.0.3809.126 (d80a294506b4..., userDataDir: C:\Users\RANJIT~1.SEL\AppDa...}, goog:chromeOptions: {debuggerAddress: localhost:61859}, javascriptEnabled: true, networkConnectionEnabled: false, pageLoadStrategy: normal, platform: XP, platformName: XP, proxy: Proxy(), setWindowRect: true, strictFileInteractability: false, timeouts: {implicit: 0, pageLoad: 300000, script: 30000}, unhandledPromptBehavior: dismiss and notify}
Session ID: be8f94a4132e93893b38a1f32513a5b0
at org.openqa.selenium.remote.codec.w3c.W3CHttpResponseCodec.createException(W3CHttpResponseCodec.java:190)
at org.openqa.selenium.remote.codec.w3c.W3CHttpResponseCodec.decode(W3CHttpResponseCodec.java:124)
at org.openqa.selenium.remote.codec.w3c.W3CHttpResponseCodec.decode(W3CHttpResponseCodec.java:51)
at org.openqa.selenium.remote.HttpCommandExecutor.execute(HttpCommandExecutor.java:161)
at org.openqa.selenium.remote.service.DriverCommandExecutor.execute(DriverCommandExecutor.java:83)
at org.openqa.selenium.remote.RemoteWebDriver.execute(RemoteWebDriver.java:577)
at org.openqa.selenium.remote.RemoteWebElement.execute(RemoteWebElement.java:308)
at org.openqa.selenium.remote.RemoteWebElement.click(RemoteWebElement.java:83)
at com.atmecs.bookotrip.testscript.RoundTripTicketBooking.searchingFlightAvailabilityRoundTrip(RoundTripTicketBooking.java:45)
... Removed 30 stack frames]]>
    </failure>
  </testcase> <!-- searchingFlightAvailabilityRoundTrip -->
</testsuite> <!-- Test1 -->
